mode: atomic
github.com/tmickleydoyle/bernoulli-clusters/bmm/bmm.go:25.29,27.2 1 134
github.com/tmickleydoyle/bernoulli-clusters/bmm/bmm.go:30.50,33.2 2 134
github.com/tmickleydoyle/bernoulli-clusters/bmm/bmm.go:36.44,39.25 2 29
github.com/tmickleydoyle/bernoulli-clusters/bmm/bmm.go:43.2,43.10 1 29
github.com/tmickleydoyle/bernoulli-clusters/bmm/bmm.go:39.25,41.3 1 59
github.com/tmickleydoyle/bernoulli-clusters/bmm/bmm.go:47.39,50.24 2 2
github.com/tmickleydoyle/bernoulli-clusters/bmm/bmm.go:58.2,58.10 1 2
github.com/tmickleydoyle/bernoulli-clusters/bmm/bmm.go:50.24,51.26 1 5
github.com/tmickleydoyle/bernoulli-clusters/bmm/bmm.go:51.26,52.14 1 12
github.com/tmickleydoyle/bernoulli-clusters/bmm/bmm.go:52.14,54.5 1 12
github.com/tmickleydoyle/bernoulli-clusters/bmm/bmm.go:65.50,68.24 2 14
github.com/tmickleydoyle/bernoulli-clusters/bmm/bmm.go:80.2,80.10 1 14
github.com/tmickleydoyle/bernoulli-clusters/bmm/bmm.go:68.24,69.26 1 28
github.com/tmickleydoyle/bernoulli-clusters/bmm/bmm.go:69.26,70.14 1 60
github.com/tmickleydoyle/bernoulli-clusters/bmm/bmm.go:70.14,71.12 1 60
github.com/tmickleydoyle/bernoulli-clusters/bmm/bmm.go:71.12,73.6 1 50
github.com/tmickleydoyle/bernoulli-clusters/bmm/bmm.go:73.11,75.6 1 10
github.com/tmickleydoyle/bernoulli-clusters/bmm/bmm.go:84.31,87.22 2 13
github.com/tmickleydoyle/bernoulli-clusters/bmm/bmm.go:93.2,93.10 1 13
github.com/tmickleydoyle/bernoulli-clusters/bmm/bmm.go:87.22,88.13 1 26
github.com/tmickleydoyle/bernoulli-clusters/bmm/bmm.go:88.13,90.4 1 26
github.com/tmickleydoyle/bernoulli-clusters/bmm/bmm.go:97.28,100.27 2 2
github.com/tmickleydoyle/bernoulli-clusters/bmm/bmm.go:107.2,107.17 1 2
github.com/tmickleydoyle/bernoulli-clusters/bmm/bmm.go:100.27,101.25 1 5
github.com/tmickleydoyle/bernoulli-clusters/bmm/bmm.go:101.25,102.15 1 10
github.com/tmickleydoyle/bernoulli-clusters/bmm/bmm.go:102.15,104.5 1 5
github.com/tmickleydoyle/bernoulli-clusters/bmm/bmm.go:112.35,115.33 3 4
github.com/tmickleydoyle/bernoulli-clusters/bmm/bmm.go:121.2,121.13 1 4
github.com/tmickleydoyle/bernoulli-clusters/bmm/bmm.go:115.33,116.38 1 10
github.com/tmickleydoyle/bernoulli-clusters/bmm/bmm.go:116.38,119.4 2 6
github.com/tmickleydoyle/bernoulli-clusters/bmm/bmm.go:126.45,129.25 2 66
github.com/tmickleydoyle/bernoulli-clusters/bmm/bmm.go:135.2,135.28 1 66
github.com/tmickleydoyle/bernoulli-clusters/bmm/bmm.go:129.25,130.13 1 88
github.com/tmickleydoyle/bernoulli-clusters/bmm/bmm.go:130.13,132.4 1 88
github.com/tmickleydoyle/bernoulli-clusters/bmm/bmm.go:141.49,160.29 13 1
github.com/tmickleydoyle/bernoulli-clusters/bmm/bmm.go:164.2,164.21 1 1
github.com/tmickleydoyle/bernoulli-clusters/bmm/bmm.go:210.2,212.23 2 1
github.com/tmickleydoyle/bernoulli-clusters/bmm/bmm.go:217.2,217.23 1 1
github.com/tmickleydoyle/bernoulli-clusters/bmm/bmm.go:224.2,226.16 3 1
github.com/tmickleydoyle/bernoulli-clusters/bmm/bmm.go:160.29,162.3 1 3
github.com/tmickleydoyle/bernoulli-clusters/bmm/bmm.go:164.21,167.28 2 11
github.com/tmickleydoyle/bernoulli-clusters/bmm/bmm.go:177.3,182.26 5 11
github.com/tmickleydoyle/bernoulli-clusters/bmm/bmm.go:196.3,196.26 1 11
github.com/tmickleydoyle/bernoulli-clusters/bmm/bmm.go:167.28,168.27 1 33
github.com/tmickleydoyle/bernoulli-clusters/bmm/bmm.go:172.4,172.27 1 33
github.com/tmickleydoyle/bernoulli-clusters/bmm/bmm.go:168.27,171.5 2 66
github.com/tmickleydoyle/bernoulli-clusters/bmm/bmm.go:172.27,174.5 1 66
github.com/tmickleydoyle/bernoulli-clusters/bmm/bmm.go:182.26,183.29 1 22
github.com/tmickleydoyle/bernoulli-clusters/bmm/bmm.go:190.4,190.27 1 22
github.com/tmickleydoyle/bernoulli-clusters/bmm/bmm.go:193.4,193.33 1 22
github.com/tmickleydoyle/bernoulli-clusters/bmm/bmm.go:183.29,185.27 2 66
github.com/tmickleydoyle/bernoulli-clusters/bmm/bmm.go:185.27,187.6 1 88
github.com/tmickleydoyle/bernoulli-clusters/bmm/bmm.go:190.27,192.5 1 44
github.com/tmickleydoyle/bernoulli-clusters/bmm/bmm.go:196.26,197.49 1 22
github.com/tmickleydoyle/bernoulli-clusters/bmm/bmm.go:201.4,201.27 1 22
github.com/tmickleydoyle/bernoulli-clusters/bmm/bmm.go:197.49,200.5 2 18
github.com/tmickleydoyle/bernoulli-clusters/bmm/bmm.go:201.27,202.56 1 44
github.com/tmickleydoyle/bernoulli-clusters/bmm/bmm.go:202.56,205.6 2 20
github.com/tmickleydoyle/bernoulli-clusters/bmm/bmm.go:212.23,214.3 1 2
github.com/tmickleydoyle/bernoulli-clusters/bmm/bmm.go:217.23,218.13 1 2
github.com/tmickleydoyle/bernoulli-clusters/bmm/bmm.go:218.13,220.4 1 2
github.com/tmickleydoyle/bernoulli-clusters/bmm/bmm.go:231.52,235.34 3 1
github.com/tmickleydoyle/bernoulli-clusters/bmm/bmm.go:243.2,243.13 1 1
github.com/tmickleydoyle/bernoulli-clusters/bmm/bmm.go:235.34,237.33 2 2
github.com/tmickleydoyle/bernoulli-clusters/bmm/bmm.go:240.3,240.32 1 2
github.com/tmickleydoyle/bernoulli-clusters/bmm/bmm.go:237.33,239.4 1 2
